{"content": {"suites": {"0": {"status": {"total_pass": 0, "total_skip": 0, "total_xpass": 0, "total_xfail": 0, "total_rerun": 0, "total_fail": 2, "total_error": 0}, "tests": {"0": {"status": "FAIL", "message": "   selenium.common.exceptions.InvalidArgumentException: Message: invalid argument: 'using' must be a string\n     (Session info: chrome=89.0.4389.114)\n", "test_name": "test_loginsucess", "rerun": "0"}, "1": {"status": "FAIL", "message": "   selenium.common.exceptions.NoSuchElementException: Message: no such element: Unable to locate element: {\"method\":\"xpath\",\"selector\":\"//div[@id='divHomeMenu']/div[1]/ul/li[3]/a\"}\n     (Session info: chrome=89.0.4389.114)\n", "test_name": "test_RTEstimator", "rerun": "0"}}, "suite_name": "Test_Login.py"}}}, "date": "April 13, 2021", "start_time": 1618295992, "total_suite": 1, "status": "FAIL", "status_list": {"pass": "0", "fail": "2", "skip": "0", "error": "0", "xpass": "0", "xfail": "0", "rerun": "0"}, "total_tests": "2"}